
6월 17, 2022 13:50:59.368 NEW SESSION
6월 17, 2022 13:50:59.368 [12816:6192:0617/135059.367:ERROR:device_event_log_impl.cc(214)] [13:50:59.367] Bluetooth: bluetooth_adapter_winrt.cc:1074 Getting Default Adapter failed.
6월 17, 2022 13:52:32.676 [2832:6196:0617/135232.676:ERROR:device_event_log_impl.cc(214)] [13:52:32.675] Bluetooth: bluetooth_adapter_winrt.cc:1074 Getting Default Adapter failed.
6월 17, 2022 13:53:30.568 [2832:3688:0617/135330.567:ERROR:util.cc(127)] Can't create base directory: C:\Program Files\Google\GoogleUpdater
6월 17, 2022 14:04:06.790 [1032:15152:0617/140406.790:ERROR:device_event_log_impl.cc(214)] [14:04:06.789] Bluetooth: bluetooth_adapter_winrt.cc:1074 Getting Default Adapter failed.
6월 17, 2022 14:05:04.676 [1032:11420:0617/140504.675:ERROR:util.cc(127)] Can't create base directory: C:\Program Files\Google\GoogleUpdater
6월 17, 2022 15:14:15.500 [11540:7236:0617/151415.500:ERROR:device_event_log_impl.cc(214)] [15:14:15.500] Bluetooth: bluetooth_adapter_winrt.cc:1074 Getting Default Adapter failed.
6월 17, 2022 15:53:14.333 [3100:8804:0617/155314.333:ERROR:device_event_log_impl.cc(214)] [15:53:14.334] Bluetooth: bluetooth_adapter_winrt.cc:1074 Getting Default Adapter failed.
6월 17, 2022 15:54:12.254 [3100:15632:0617/155412.253:ERROR:util.cc(127)] Can't create base directory: C:\Program Files\Google\GoogleUpdater
6월 17, 2022 16:21:33.811 [14536:8196:0617/162133.811:ERROR:device_event_log_impl.cc(214)] [16:21:33.811] Bluetooth: bluetooth_adapter_winrt.cc:1074 Getting Default Adapter failed.
6월 17, 2022 16:22:31.632 [14536:14144:0617/162231.632:ERROR:util.cc(127)] Can't create base directory: C:\Program Files\Google\GoogleUpdater
6월 17, 2022 16:23:52.398 [11540:6480:0617/162352.398:ERROR:device_event_log_impl.cc(214)] [16:23:52.398] Bluetooth: bluetooth_adapter_winrt.cc:1074 Getting Default Adapter failed.
6월 17, 2022 16:24:23.525 [13748:13536:0617/162423.525:ERROR:device_event_log_impl.cc(214)] [16:24:23.525] Bluetooth: bluetooth_adapter_winrt.cc:1074 Getting Default Adapter failed.
6월 17, 2022 16:25:17.809 [13748:3928:0617/162517.809:ERROR:util.cc(127)] Can't create base directory: C:\Program Files\Google\GoogleUpdater
6월 17, 2022 16:50:54.581 [7968:10392:0617/165054.580:ERROR:device_event_log_impl.cc(214)] [16:50:54.581] Bluetooth: bluetooth_adapter_winrt.cc:1074 Getting Default Adapter failed.
6월 17, 2022 16:51:16.134 [7148:10224:0617/165116.134:ERROR:device_event_log_impl.cc(214)] [16:51:16.134] Bluetooth: bluetooth_adapter_winrt.cc:1074 Getting Default Adapter failed.
6월 17, 2022 16:52:26.778 [9836:15096:0617/165226.778:ERROR:device_event_log_impl.cc(214)] [16:52:26.778] Bluetooth: bluetooth_adapter_winrt.cc:1074 Getting Default Adapter failed.
6월 17, 2022 16:53:51.00 [9004:14144:0617/165351.000:ERROR:device_event_log_impl.cc(214)] [16:53:51.000] Bluetooth: bluetooth_adapter_winrt.cc:1074 Getting Default Adapter failed.
6월 17, 2022 16:55:08.716 [8632:14132:0617/165508.716:ERROR:device_event_log_impl.cc(214)] [16:55:08.715] Bluetooth: bluetooth_adapter_winrt.cc:1074 Getting Default Adapter failed.
6월 17, 2022 16:56:06.712 [8632:8664:0617/165606.712:ERROR:util.cc(127)] Can't create base directory: C:\Program Files\Google\GoogleUpdater

6월 20, 2022 09:41:36.968 NEW SESSION
6월 20, 2022 09:41:36.968 [11440:3092:0620/094136.967:ERROR:device_event_log_impl.cc(214)] [09:41:36.967] Bluetooth: bluetooth_adapter_winrt.cc:1074 Getting Default Adapter failed.
6월 20, 2022 09:42:01.08 [14488:7452:0620/094201.008:ERROR:device_event_log_impl.cc(214)] [09:42:01.009] Bluetooth: bluetooth_adapter_winrt.cc:1074 Getting Default Adapter failed.
6월 20, 2022 09:42:58.902 [14488:3012:0620/094258.901:ERROR:util.cc(127)] Can't create base directory: C:\Program Files\Google\GoogleUpdater
6월 20, 2022 10:14:12.630 [2084:4000:0620/101412.630:ERROR:device_event_log_impl.cc(214)] [10:14:12.629] Bluetooth: bluetooth_adapter_winrt.cc:1074 Getting Default Adapter failed.
6월 20, 2022 10:14:32.347 [14276:11284:0620/101432.347:ERROR:device_event_log_impl.cc(214)] [10:14:32.346] Bluetooth: bluetooth_adapter_winrt.cc:1074 Getting Default Adapter failed.
6월 20, 2022 10:15:30.356 [14276:1420:0620/101530.356:ERROR:util.cc(127)] Can't create base directory: C:\Program Files\Google\GoogleUpdater
6월 20, 2022 14:19:41.818 [7544:6488:0620/141941.818:ERROR:device_event_log_impl.cc(214)] [14:19:41.818] Bluetooth: bluetooth_adapter_winrt.cc:1074 Getting Default Adapter failed.
6월 20, 2022 14:20:39.726 [7544:2980:0620/142039.726:ERROR:util.cc(127)] Can't create base directory: C:\Program Files\Google\GoogleUpdater
6월 20, 2022 17:34:09.562 [9116:12372:0620/173409.561:ERROR:device_event_log_impl.cc(214)] [17:34:09.561] Bluetooth: bluetooth_adapter_winrt.cc:1074 Getting Default Adapter failed.
6월 20, 2022 17:35:07.555 [9116:8060:0620/173507.555:ERROR:util.cc(127)] Can't create base directory: C:\Program Files\Google\GoogleUpdater

6월 21, 2022 13:44:59.802 NEW SESSION
6월 21, 2022 13:44:59.802 [1584:7348:0621/134459.801:ERROR:device_event_log_impl.cc(214)] [13:44:59.800] Bluetooth: bluetooth_adapter_winrt.cc:1074 Getting Default Adapter failed.
6월 21, 2022 13:45:57.752 [1584:12424:0621/134557.751:ERROR:util.cc(127)] Can't create base directory: C:\Program Files\Google\GoogleUpdater
6월 21, 2022 14:28:36.445 [1584:7348:0621/142836.444:ERROR:interface_endpoint_client.cc(665)] Message 0 rejected by interface blink.mojom.WidgetHost
6월 21, 2022 14:28:44.444 [1584:7348:0621/142844.444:ERROR:interface_endpoint_client.cc(665)] Message 0 rejected by interface blink.mojom.WidgetHost
6월 21, 2022 14:43:34.225 [11812:10280:0621/144334.225:ERROR:device_event_log_impl.cc(214)] [14:43:34.226] Bluetooth: bluetooth_adapter_winrt.cc:1074 Getting Default Adapter failed.
6월 21, 2022 14:44:32.118 [11812:6084:0621/144432.117:ERROR:util.cc(127)] Can't create base directory: C:\Program Files\Google\GoogleUpdater
6월 21, 2022 14:53:45.959 [12692:7568:0621/145345.959:ERROR:device_event_log_impl.cc(214)] [14:53:45.960] Bluetooth: bluetooth_adapter_winrt.cc:1074 Getting Default Adapter failed.
6월 21, 2022 14:54:43.856 [12692:5764:0621/145443.855:ERROR:util.cc(127)] Can't create base directory: C:\Program Files\Google\GoogleUpdater
6월 21, 2022 14:57:21.738 [12968:11804:0621/145721.738:ERROR:device_event_log_impl.cc(214)] [14:57:21.738] Bluetooth: bluetooth_adapter_winrt.cc:1074 Getting Default Adapter failed.
6월 21, 2022 14:58:19.624 [12968:13112:0621/145819.624:ERROR:util.cc(127)] Can't create base directory: C:\Program Files\Google\GoogleUpdater
6월 21, 2022 15:05:15.971 [3448:11636:0621/150515.971:ERROR:device_event_log_impl.cc(214)] [15:05:15.971] Bluetooth: bluetooth_adapter_winrt.cc:1074 Getting Default Adapter failed.
6월 21, 2022 15:06:13.907 [3448:11464:0621/150613.907:ERROR:util.cc(127)] Can't create base directory: C:\Program Files\Google\GoogleUpdater
6월 21, 2022 15:27:48.782 [10548:13236:0621/152748.782:ERROR:device_event_log_impl.cc(214)] [15:27:48.782] Bluetooth: bluetooth_adapter_winrt.cc:1074 Getting Default Adapter failed.
6월 21, 2022 15:28:46.746 [10548:1800:0621/152846.745:ERROR:util.cc(127)] Can't create base directory: C:\Program Files\Google\GoogleUpdater

6월 21, 2022 15:56:51.883 NEW SESSION
6월 21, 2022 15:56:51.883 [11816:11844:0621/155651.882:ERROR:device_event_log_impl.cc(214)] [15:56:51.881] Bluetooth: bluetooth_adapter_winrt.cc:1074 Getting Default Adapter failed.
6월 21, 2022 15:57:48.832 [11816:11356:0621/155748.831:ERROR:util.cc(127)] Can't create base directory: C:\Program Files\Google\GoogleUpdater

6월 22, 2022 10:21:01.999 NEW SESSION
6월 22, 2022 10:21:01.999 [6328:6008:0622/102101.998:ERROR:device_event_log_impl.cc(214)] [10:21:01.998] Bluetooth: bluetooth_adapter_winrt.cc:1074 Getting Default Adapter failed.
6월 22, 2022 10:21:27.414 [1668:9300:0622/102127.414:ERROR:device_event_log_impl.cc(214)] [10:21:27.413] Bluetooth: bluetooth_adapter_winrt.cc:1074 Getting Default Adapter failed.
6월 22, 2022 10:22:47.289 [4544:8400:0622/102247.289:ERROR:device_event_log_impl.cc(214)] [10:22:47.289] Bluetooth: bluetooth_adapter_winrt.cc:1074 Getting Default Adapter failed.
6월 22, 2022 10:23:45.187 [4544:10192:0622/102345.186:ERROR:util.cc(127)] Can't create base directory: C:\Program Files\Google\GoogleUpdater
6월 22, 2022 10:30:37.539 [4544:8400:0622/103037.539:ERROR:interface_endpoint_client.cc(665)] Message 0 rejected by interface blink.mojom.WidgetHost
6월 22, 2022 10:52:11.226 [10244:11332:0622/105211.226:ERROR:device_event_log_impl.cc(214)] [10:52:11.226] Bluetooth: bluetooth_adapter_winrt.cc:1074 Getting Default Adapter failed.
6월 22, 2022 10:53:09.110 [10244:12012:0622/105309.109:ERROR:util.cc(127)] Can't create base directory: C:\Program Files\Google\GoogleUpdater

6월 23, 2022 13:24:08.303 NEW SESSION
6월 23, 2022 13:24:08.303 [4204:2024:0623/132408.302:ERROR:device_event_log_impl.cc(214)] [13:24:08.303] Bluetooth: bluetooth_adapter_winrt.cc:1074 Getting Default Adapter failed.
6월 23, 2022 13:24:28.639 [13144:13044:0623/132428.639:ERROR:device_event_log_impl.cc(214)] [13:24:28.639] Bluetooth: bluetooth_adapter_winrt.cc:1074 Getting Default Adapter failed.
6월 23, 2022 13:25:27.960 [452:11592:0623/132527.960:ERROR:device_event_log_impl.cc(214)] [13:25:27.960] Bluetooth: bluetooth_adapter_winrt.cc:1074 Getting Default Adapter failed.
6월 23, 2022 13:26:54.546 [12752:5360:0623/132654.546:ERROR:device_event_log_impl.cc(214)] [13:26:54.546] Bluetooth: bluetooth_adapter_winrt.cc:1074 Getting Default Adapter failed.
6월 23, 2022 14:01:50.154 [10288:2308:0623/140150.154:ERROR:device_event_log_impl.cc(214)] [14:01:50.153] Bluetooth: bluetooth_adapter_winrt.cc:1074 Getting Default Adapter failed.
6월 23, 2022 14:02:48.65 [10288:13264:0623/140248.064:ERROR:util.cc(127)] Can't create base directory: C:\Program Files\Google\GoogleUpdater
6월 23, 2022 14:11:43.29 [5804:7896:0623/141143.028:ERROR:device_event_log_impl.cc(214)] [14:11:43.028] Bluetooth: bluetooth_adapter_winrt.cc:1074 Getting Default Adapter failed.
6월 23, 2022 14:12:40.923 [5804:2968:0623/141240.922:ERROR:util.cc(127)] Can't create base directory: C:\Program Files\Google\GoogleUpdater
6월 23, 2022 14:19:25.430 [9184:6028:0623/141925.430:ERROR:device_event_log_impl.cc(214)] [14:19:25.430] Bluetooth: bluetooth_adapter_winrt.cc:1074 Getting Default Adapter failed.
6월 23, 2022 14:20:23.339 [9184:8240:0623/142023.338:ERROR:util.cc(127)] Can't create base directory: C:\Program Files\Google\GoogleUpdater
6월 23, 2022 14:45:20.38 [8700:4460:0623/144520.038:ERROR:device_event_log_impl.cc(214)] [14:45:20.039] Bluetooth: bluetooth_adapter_winrt.cc:1074 Getting Default Adapter failed.
6월 23, 2022 14:46:17.944 [8700:2308:0623/144617.943:ERROR:util.cc(127)] Can't create base directory: C:\Program Files\Google\GoogleUpdater
6월 23, 2022 14:49:43.286 [9880:5592:0623/144943.285:ERROR:device_event_log_impl.cc(214)] [14:49:43.285] Bluetooth: bluetooth_adapter_winrt.cc:1074 Getting Default Adapter failed.
6월 23, 2022 14:50:41.192 [9880:5584:0623/145041.190:ERROR:util.cc(127)] Can't create base directory: C:\Program Files\Google\GoogleUpdater
6월 23, 2022 14:52:51.649 [4212:11920:0623/145251.649:ERROR:device_event_log_impl.cc(214)] [14:52:51.650] Bluetooth: bluetooth_adapter_winrt.cc:1074 Getting Default Adapter failed.
6월 23, 2022 14:53:49.538 [4212:9568:0623/145349.537:ERROR:util.cc(127)] Can't create base directory: C:\Program Files\Google\GoogleUpdater
6월 23, 2022 15:14:35.451 [1204:6852:0623/151435.451:ERROR:device_event_log_impl.cc(214)] [15:14:35.450] Bluetooth: bluetooth_adapter_winrt.cc:1074 Getting Default Adapter failed.
6월 23, 2022 15:15:33.351 [1204:2652:0623/151533.350:ERROR:util.cc(127)] Can't create base directory: C:\Program Files\Google\GoogleUpdater
6월 23, 2022 15:25:45.383 [8200:6476:0623/152545.383:ERROR:device_event_log_impl.cc(214)] [15:25:45.383] Bluetooth: bluetooth_adapter_winrt.cc:1074 Getting Default Adapter failed.
6월 23, 2022 15:26:43.396 [8200:9600:0623/152643.395:ERROR:util.cc(127)] Can't create base directory: C:\Program Files\Google\GoogleUpdater
6월 23, 2022 16:30:18.111 [8236:10352:0623/163018.111:ERROR:device_event_log_impl.cc(214)] [16:30:18.112] Bluetooth: bluetooth_adapter_winrt.cc:1074 Getting Default Adapter failed.
6월 23, 2022 16:31:16.15 [8236:2288:0623/163116.014:ERROR:util.cc(127)] Can't create base directory: C:\Program Files\Google\GoogleUpdater

6월 24, 2022 13:28:57.113 NEW SESSION
6월 24, 2022 13:28:57.113 [4036:4920:0624/132857.112:ERROR:device_event_log_impl.cc(214)] [13:28:57.111] Bluetooth: bluetooth_adapter_winrt.cc:1074 Getting Default Adapter failed.
6월 24, 2022 13:29:55.95 [4036:12900:0624/132955.095:ERROR:util.cc(127)] Can't create base directory: C:\Program Files\Google\GoogleUpdater
6월 24, 2022 14:42:42.526 [9972:10272:0624/144242.526:ERROR:device_event_log_impl.cc(214)] [14:42:42.526] Bluetooth: bluetooth_adapter_winrt.cc:1074 Getting Default Adapter failed.
6월 24, 2022 14:43:40.315 [9972:12136:0624/144340.314:ERROR:util.cc(127)] Can't create base directory: C:\Program Files\Google\GoogleUpdater

6월 27, 2022 13:47:20.587 NEW SESSION
6월 27, 2022 13:47:20.587 [8504:11396:0627/134720.586:ERROR:device_event_log_impl.cc(214)] [13:47:20.586] Bluetooth: bluetooth_adapter_winrt.cc:1074 Getting Default Adapter failed.
6월 27, 2022 13:47:59.556 [10204:8324:0627/134759.556:ERROR:device_event_log_impl.cc(214)] [13:47:59.556] Bluetooth: bluetooth_adapter_winrt.cc:1074 Getting Default Adapter failed.
6월 27, 2022 13:52:24.711 [5528:8160:0627/135224.711:ERROR:device_event_log_impl.cc(214)] [13:52:24.711] Bluetooth: bluetooth_adapter_winrt.cc:1074 Getting Default Adapter failed.
6월 27, 2022 13:52:31.318 [4032:10696:0627/135231.318:ERROR:device_event_log_impl.cc(214)] [13:52:31.319] Bluetooth: bluetooth_adapter_winrt.cc:1074 Getting Default Adapter failed.
6월 27, 2022 14:36:12.723 [8680:2096:0627/143612.723:ERROR:device_event_log_impl.cc(214)] [14:36:12.723] Bluetooth: bluetooth_adapter_winrt.cc:1074 Getting Default Adapter failed.
6월 27, 2022 14:37:36.777 [3288:12764:0627/143736.777:ERROR:device_event_log_impl.cc(214)] [14:37:36.777] Bluetooth: bluetooth_adapter_winrt.cc:1074 Getting Default Adapter failed.
6월 27, 2022 14:37:43.906 [7408:1240:0627/143743.906:ERROR:device_event_log_impl.cc(214)] [14:37:43.906] Bluetooth: bluetooth_adapter_winrt.cc:1074 Getting Default Adapter failed.
6월 27, 2022 14:38:41.783 [7408:2520:0627/143841.783:ERROR:util.cc(127)] Can't create base directory: C:\Program Files\Google\GoogleUpdater
6월 27, 2022 14:51:22.04 [11024:6460:0627/145122.004:ERROR:device_event_log_impl.cc(214)] [14:51:22.005] Bluetooth: bluetooth_adapter_winrt.cc:1074 Getting Default Adapter failed.
6월 27, 2022 14:52:20.17 [11024:10684:0627/145220.016:ERROR:util.cc(127)] Can't create base directory: C:\Program Files\Google\GoogleUpdater
6월 27, 2022 16:09:33.765 [13536:13296:0627/160933.765:ERROR:device_event_log_impl.cc(214)] [16:09:33.766] Bluetooth: bluetooth_adapter_winrt.cc:1074 Getting Default Adapter failed.
6월 27, 2022 16:10:30.682 [2844:5908:0627/161030.682:ERROR:device_event_log_impl.cc(214)] [16:10:30.682] Bluetooth: bluetooth_adapter_winrt.cc:1074 Getting Default Adapter failed.

6월 28, 2022 14:15:54.176 NEW SESSION
6월 28, 2022 14:15:54.176 [13576:5220:0628/141554.175:ERROR:device_event_log_impl.cc(214)] [14:15:54.176] Bluetooth: bluetooth_adapter_winrt.cc:1074 Getting Default Adapter failed.
6월 28, 2022 14:16:51.820 [13576:1768:0628/141651.819:ERROR:util.cc(127)] Can't create base directory: C:\Program Files\Google\GoogleUpdater
6월 28, 2022 14:22:26.09 [11848:9516:0628/142226.009:ERROR:device_event_log_impl.cc(214)] [14:22:26.010] Bluetooth: bluetooth_adapter_winrt.cc:1074 Getting Default Adapter failed.
6월 28, 2022 14:23:17.686 [11848:6252:0628/142317.685:ERROR:util.cc(127)] Can't create base directory: C:\Program Files\Google\GoogleUpdater
6월 28, 2022 14:28:28.120 [7528:5308:0628/142828.120:ERROR:device_event_log_impl.cc(214)] [14:28:28.120] Bluetooth: bluetooth_adapter_winrt.cc:1074 Getting Default Adapter failed.
6월 28, 2022 14:29:26.119 [7528:12944:0628/142926.118:ERROR:util.cc(127)] Can't create base directory: C:\Program Files\Google\GoogleUpdater
6월 28, 2022 14:31:17.16 [12444:13560:0628/143117.016:ERROR:device_event_log_impl.cc(214)] [14:31:17.017] Bluetooth: bluetooth_adapter_winrt.cc:1074 Getting Default Adapter failed.
6월 28, 2022 14:32:14.816 [12444:9844:0628/143214.816:ERROR:util.cc(127)] Can't create base directory: C:\Program Files\Google\GoogleUpdater
6월 28, 2022 14:33:15.746 [6804:8092:0628/143315.746:ERROR:device_event_log_impl.cc(214)] [14:33:15.746] Bluetooth: bluetooth_adapter_winrt.cc:1074 Getting Default Adapter failed.
6월 28, 2022 14:33:54.514 [6804:5100:0628/143354.513:ERROR:util.cc(127)] Can't create base directory: C:\Program Files\Google\GoogleUpdater
6월 28, 2022 14:36:51.517 [724:13360:0628/143651.517:ERROR:device_event_log_impl.cc(214)] [14:36:51.517] Bluetooth: bluetooth_adapter_winrt.cc:1074 Getting Default Adapter failed.
6월 28, 2022 14:56:46.581 [6792:10864:0628/145646.581:ERROR:device_event_log_impl.cc(214)] [14:56:46.581] Bluetooth: bluetooth_adapter_winrt.cc:1074 Getting Default Adapter failed.
6월 28, 2022 15:31:52.869 [10688:1628:0628/153152.869:ERROR:device_event_log_impl.cc(214)] [15:31:52.870] Bluetooth: bluetooth_adapter_winrt.cc:1074 Getting Default Adapter failed.
6월 28, 2022 15:34:35.334 [8560:6068:0628/153435.333:ERROR:device_event_log_impl.cc(214)] [15:34:35.334] Bluetooth: bluetooth_adapter_winrt.cc:1074 Getting Default Adapter failed.
6월 28, 2022 15:47:13.381 [12976:5560:0628/154713.381:ERROR:device_event_log_impl.cc(214)] [15:47:13.382] Bluetooth: bluetooth_adapter_winrt.cc:1074 Getting Default Adapter failed.
6월 28, 2022 15:48:10.269 [12976:7772:0628/154810.268:ERROR:util.cc(127)] Can't create base directory: C:\Program Files\Google\GoogleUpdater
6월 28, 2022 15:52:33.174 [8836:11056:0628/155233.174:ERROR:device_event_log_impl.cc(214)] [15:52:33.174] Bluetooth: bluetooth_adapter_winrt.cc:1074 Getting Default Adapter failed.
6월 28, 2022 15:54:08.982 [9704:9440:0628/155408.982:ERROR:device_event_log_impl.cc(214)] [15:54:08.983] Bluetooth: bluetooth_adapter_winrt.cc:1074 Getting Default Adapter failed.
6월 28, 2022 15:55:06.902 [9704:1596:0628/155506.902:ERROR:util.cc(127)] Can't create base directory: C:\Program Files\Google\GoogleUpdater
6월 28, 2022 15:57:49.778 [7908:14080:0628/155749.777:ERROR:device_event_log_impl.cc(214)] [15:57:49.777] Bluetooth: bluetooth_adapter_winrt.cc:1074 Getting Default Adapter failed.
6월 28, 2022 15:58:46.103 [7908:12992:0628/155846.102:ERROR:util.cc(127)] Can't create base directory: C:\Program Files\Google\GoogleUpdater
6월 28, 2022 16:03:44.861 [12476:12420:0628/160344.861:ERROR:device_event_log_impl.cc(214)] [16:03:44.861] Bluetooth: bluetooth_adapter_winrt.cc:1074 Getting Default Adapter failed.
6월 28, 2022 16:04:40.398 [8680:12376:0628/160440.398:ERROR:device_event_log_impl.cc(214)] [16:04:40.397] Bluetooth: bluetooth_adapter_winrt.cc:1074 Getting Default Adapter failed.
6월 28, 2022 16:05:31.285 [9716:7524:0628/160531.285:ERROR:device_event_log_impl.cc(214)] [16:05:31.285] Bluetooth: bluetooth_adapter_winrt.cc:1074 Getting Default Adapter failed.
6월 28, 2022 16:06:29.187 [9716:1892:0628/160629.186:ERROR:util.cc(127)] Can't create base directory: C:\Program Files\Google\GoogleUpdater
6월 28, 2022 16:07:14.65 [1376:13912:0628/160714.065:ERROR:device_event_log_impl.cc(214)] [16:07:14.064] Bluetooth: bluetooth_adapter_winrt.cc:1074 Getting Default Adapter failed.
6월 28, 2022 16:07:48.174 [14036:13576:0628/160748.174:ERROR:device_event_log_impl.cc(214)] [16:07:48.174] Bluetooth: bluetooth_adapter_winrt.cc:1074 Getting Default Adapter failed.
6월 28, 2022 16:16:58.869 [8748:13736:0628/161658.868:ERROR:device_event_log_impl.cc(214)] [16:16:58.868] Bluetooth: bluetooth_adapter_winrt.cc:1074 Getting Default Adapter failed.
6월 28, 2022 16:17:54.163 [4700:13392:0628/161754.163:ERROR:device_event_log_impl.cc(214)] [16:17:54.163] Bluetooth: bluetooth_adapter_winrt.cc:1074 Getting Default Adapter failed.
6월 28, 2022 16:18:54.232 [9220:1000:0628/161854.232:ERROR:device_event_log_impl.cc(214)] [16:18:54.232] Bluetooth: bluetooth_adapter_winrt.cc:1074 Getting Default Adapter failed.
6월 28, 2022 16:22:24.313 [3700:10864:0628/162224.313:ERROR:device_event_log_impl.cc(214)] [16:22:24.313] Bluetooth: bluetooth_adapter_winrt.cc:1074 Getting Default Adapter failed.
6월 28, 2022 16:25:28.965 [9164:10568:0628/162528.965:ERROR:device_event_log_impl.cc(214)] [16:25:28.964] Bluetooth: bluetooth_adapter_winrt.cc:1074 Getting Default Adapter failed.
6월 28, 2022 16:26:26.872 [9164:4868:0628/162626.872:ERROR:util.cc(127)] Can't create base directory: C:\Program Files\Google\GoogleUpdater
6월 28, 2022 16:40:29.719 [7716:8640:0628/164029.719:ERROR:device_event_log_impl.cc(214)] [16:40:29.719] Bluetooth: bluetooth_adapter_winrt.cc:1074 Getting Default Adapter failed.
6월 28, 2022 16:40:56.605 [4856:9364:0628/164056.605:ERROR:device_event_log_impl.cc(214)] [16:40:56.604] Bluetooth: bluetooth_adapter_winrt.cc:1074 Getting Default Adapter failed.
6월 28, 2022 16:42:53.194 [5444:5152:0628/164253.194:ERROR:device_event_log_impl.cc(214)] [16:42:53.194] Bluetooth: bluetooth_adapter_winrt.cc:1074 Getting Default Adapter failed.

6월 28, 2022 17:06:25.26 NEW SESSION
6월 28, 2022 17:06:25.26 [7124:10360:0628/170625.025:ERROR:device_event_log_impl.cc(214)] [17:06:25.025] Bluetooth: bluetooth_adapter_winrt.cc:1074 Getting Default Adapter failed.
6월 28, 2022 17:07:22.302 [7124:4800:0628/170722.302:ERROR:util.cc(127)] Can't create base directory: C:\Program Files\Google\GoogleUpdater
6월 28, 2022 17:18:19.796 [9916:720:0628/171819.796:ERROR:device_event_log_impl.cc(214)] [17:18:19.796] Bluetooth: bluetooth_adapter_winrt.cc:1074 Getting Default Adapter failed.
6월 28, 2022 17:30:26.990 [5616:9908:0628/173026.990:ERROR:device_event_log_impl.cc(214)] [17:30:26.990] Bluetooth: bluetooth_adapter_winrt.cc:1074 Getting Default Adapter failed.
6월 28, 2022 17:31:24.321 [5616:6004:0628/173124.320:ERROR:util.cc(127)] Can't create base directory: C:\Program Files\Google\GoogleUpdater
6월 28, 2022 17:34:26.510 [14184:6752:0628/173426.510:ERROR:device_event_log_impl.cc(214)] [17:34:26.510] Bluetooth: bluetooth_adapter_winrt.cc:1074 Getting Default Adapter failed.
6월 28, 2022 17:34:49.58 [6160:8196:0628/173449.058:ERROR:device_event_log_impl.cc(214)] [17:34:49.057] Bluetooth: bluetooth_adapter_winrt.cc:1074 Getting Default Adapter failed.
6월 28, 2022 17:35:32.684 [13536:6824:0628/173532.684:ERROR:device_event_log_impl.cc(214)] [17:35:32.684] Bluetooth: bluetooth_adapter_winrt.cc:1074 Getting Default Adapter failed.
6월 28, 2022 17:35:54.534 [10220:14284:0628/173554.534:ERROR:device_event_log_impl.cc(214)] [17:35:54.533] Bluetooth: bluetooth_adapter_winrt.cc:1074 Getting Default Adapter failed.
6월 28, 2022 17:38:02.697 [10696:968:0628/173802.697:ERROR:device_event_log_impl.cc(214)] [17:38:02.697] Bluetooth: bluetooth_adapter_winrt.cc:1074 Getting Default Adapter failed.
6월 28, 2022 17:39:24.117 [7676:6360:0628/173924.117:ERROR:device_event_log_impl.cc(214)] [17:39:24.117] Bluetooth: bluetooth_adapter_winrt.cc:1074 Getting Default Adapter failed.
6월 28, 2022 17:41:39.999 [13100:10064:0628/174139.999:ERROR:device_event_log_impl.cc(214)] [17:41:39.998] Bluetooth: bluetooth_adapter_winrt.cc:1074 Getting Default Adapter failed.
6월 28, 2022 17:43:54.123 [7160:11332:0628/174354.123:ERROR:device_event_log_impl.cc(214)] [17:43:54.123] Bluetooth: bluetooth_adapter_winrt.cc:1074 Getting Default Adapter failed.
6월 28, 2022 17:45:08.895 [9440:5888:0628/174508.894:ERROR:device_event_log_impl.cc(214)] [17:45:08.894] Bluetooth: bluetooth_adapter_winrt.cc:1074 Getting Default Adapter failed.
6월 28, 2022 17:46:15.597 [6344:5672:0628/174615.597:ERROR:device_event_log_impl.cc(214)] [17:46:15.597] Bluetooth: bluetooth_adapter_winrt.cc:1074 Getting Default Adapter failed.
6월 28, 2022 17:47:12.896 [5456:11392:0628/174712.896:ERROR:device_event_log_impl.cc(214)] [17:47:12.896] Bluetooth: bluetooth_adapter_winrt.cc:1074 Getting Default Adapter failed.
6월 28, 2022 17:47:43.87 [8744:14120:0628/174743.087:ERROR:device_event_log_impl.cc(214)] [17:47:43.087] Bluetooth: bluetooth_adapter_winrt.cc:1074 Getting Default Adapter failed.
6월 28, 2022 17:48:39.833 [7036:11056:0628/174839.833:ERROR:device_event_log_impl.cc(214)] [17:48:39.833] Bluetooth: bluetooth_adapter_winrt.cc:1074 Getting Default Adapter failed.
6월 28, 2022 17:49:37.219 [7036:5296:0628/174937.219:ERROR:util.cc(127)] Can't create base directory: C:\Program Files\Google\GoogleUpdater
6월 28, 2022 18:16:44.484 [12140:6820:0628/181644.484:ERROR:device_event_log_impl.cc(214)] [18:16:44.484] Bluetooth: bluetooth_adapter_winrt.cc:1074 Getting Default Adapter failed.
6월 28, 2022 18:17:41.810 [12140:13856:0628/181741.809:ERROR:util.cc(127)] Can't create base directory: C:\Program Files\Google\GoogleUpdater
6월 28, 2022 18:20:50.292 [11744:13616:0628/182050.292:ERROR:device_event_log_impl.cc(214)] [18:20:50.292] Bluetooth: bluetooth_adapter_winrt.cc:1074 Getting Default Adapter failed.
6월 28, 2022 18:21:20.554 [8940:8048:0628/182120.554:ERROR:device_event_log_impl.cc(214)] [18:21:20.553] Bluetooth: bluetooth_adapter_winrt.cc:1074 Getting Default Adapter failed.
6월 28, 2022 18:22:17.08 [8940:12204:0628/182217.008:ERROR:util.cc(127)] Can't create base directory: C:\Program Files\Google\GoogleUpdater
6월 28, 2022 18:23:13.110 [7600:13544:0628/182313.109:ERROR:device_event_log_impl.cc(214)] [18:23:13.109] Bluetooth: bluetooth_adapter_winrt.cc:1074 Getting Default Adapter failed.
6월 28, 2022 18:26:24.357 [14204:10712:0628/182624.356:ERROR:device_event_log_impl.cc(214)] [18:26:24.357] Bluetooth: bluetooth_adapter_winrt.cc:1074 Getting Default Adapter failed.
6월 28, 2022 18:27:36.857 [6508:4188:0628/182736.857:ERROR:device_event_log_impl.cc(214)] [18:27:36.858] Bluetooth: bluetooth_adapter_winrt.cc:1074 Getting Default Adapter failed.
6월 28, 2022 18:28:12.524 [13384:9788:0628/182812.524:ERROR:device_event_log_impl.cc(214)] [18:28:12.524] Bluetooth: bluetooth_adapter_winrt.cc:1074 Getting Default Adapter failed.
6월 28, 2022 18:28:20.41 [1916:5876:0628/182820.041:ERROR:device_event_log_impl.cc(214)] [18:28:20.041] Bluetooth: bluetooth_adapter_winrt.cc:1074 Getting Default Adapter failed.
6월 28, 2022 18:29:08.846 [1852:5780:0628/182908.846:ERROR:device_event_log_impl.cc(214)] [18:29:08.847] Bluetooth: bluetooth_adapter_winrt.cc:1074 Getting Default Adapter failed.
6월 28, 2022 18:32:08.725 [13488:1580:0628/183208.725:ERROR:device_event_log_impl.cc(214)] [18:32:08.725] Bluetooth: bluetooth_adapter_winrt.cc:1074 Getting Default Adapter failed.
6월 28, 2022 18:34:48.919 [9432:12284:0628/183448.919:ERROR:device_event_log_impl.cc(214)] [18:34:48.920] Bluetooth: bluetooth_adapter_winrt.cc:1074 Getting Default Adapter failed.
6월 28, 2022 18:35:45.819 [9432:10788:0628/183545.818:ERROR:util.cc(127)] Can't create base directory: C:\Program Files\Google\GoogleUpdater
6월 28, 2022 19:02:31.868 [6432:12044:0628/190231.868:ERROR:device_event_log_impl.cc(214)] [19:02:31.868] Bluetooth: bluetooth_adapter_winrt.cc:1074 Getting Default Adapter failed.
6월 28, 2022 19:03:28.195 [6432:10608:0628/190328.195:ERROR:util.cc(127)] Can't create base directory: C:\Program Files\Google\GoogleUpdater
6월 28, 2022 20:12:47.363 [6432:12044:0628/201247.362:ERROR:interface_endpoint_client.cc(665)] Message 0 rejected by interface blink.mojom.WidgetHost
6월 28, 2022 20:28:27.929 [8700:6552:0628/202827.929:ERROR:device_event_log_impl.cc(214)] [20:28:27.929] Bluetooth: bluetooth_adapter_winrt.cc:1074 Getting Default Adapter failed.
6월 28, 2022 20:29:24.902 [8700:5692:0628/202924.901:ERROR:util.cc(127)] Can't create base directory: C:\Program Files\Google\GoogleUpdater
6월 28, 2022 21:21:57.651 [7664:8940:0628/212157.651:ERROR:device_event_log_impl.cc(214)] [21:21:57.651] Bluetooth: bluetooth_adapter_winrt.cc:1074 Getting Default Adapter failed.
6월 28, 2022 21:22:54.974 [7664:13080:0628/212254.973:ERROR:util.cc(127)] Can't create base directory: C:\Program Files\Google\GoogleUpdater

6월 29, 2022 14:01:17.394 NEW SESSION
6월 29, 2022 14:01:17.395 [1400:5992:0629/140117.394:ERROR:device_event_log_impl.cc(214)] [14:01:17.393] Bluetooth: bluetooth_adapter_winrt.cc:1074 Getting Default Adapter failed.
6월 29, 2022 14:02:15.385 [1400:5708:0629/140215.384:ERROR:util.cc(127)] Can't create base directory: C:\Program Files\Google\GoogleUpdater
6월 29, 2022 16:20:05.401 [14088:3268:0629/162005.400:ERROR:device_event_log_impl.cc(214)] [16:20:05.400] Bluetooth: bluetooth_adapter_winrt.cc:1074 Getting Default Adapter failed.
6월 29, 2022 16:27:35.976 [10108:6612:0629/162735.976:ERROR:device_event_log_impl.cc(214)] [16:27:35.976] Bluetooth: bluetooth_adapter_winrt.cc:1074 Getting Default Adapter failed.
6월 29, 2022 16:28:53.525 [13976:6152:0629/162853.525:ERROR:device_event_log_impl.cc(214)] [16:28:53.524] Bluetooth: bluetooth_adapter_winrt.cc:1074 Getting Default Adapter failed.
6월 29, 2022 17:29:48.451 [6888:3320:0629/172948.451:ERROR:device_event_log_impl.cc(214)] [17:29:48.451] Bluetooth: bluetooth_adapter_winrt.cc:1074 Getting Default Adapter failed.
6월 29, 2022 17:30:46.363 [6888:9800:0629/173046.362:ERROR:util.cc(127)] Can't create base directory: C:\Program Files\Google\GoogleUpdater
6월 29, 2022 18:11:59.508 [6788:6976:0629/181159.507:ERROR:device_event_log_impl.cc(214)] [18:11:59.507] Bluetooth: bluetooth_adapter_winrt.cc:1074 Getting Default Adapter failed.
6월 29, 2022 18:12:56.603 [6788:6536:0629/181256.602:ERROR:util.cc(127)] Can't create base directory: C:\Program Files\Google\GoogleUpdater

6월 30, 2022 13:38:31.131 NEW SESSION
6월 30, 2022 13:38:31.131 [11628:12392:0630/133831.130:ERROR:device_event_log_impl.cc(214)] [13:38:31.130] Bluetooth: bluetooth_adapter_winrt.cc:1074 Getting Default Adapter failed.
6월 30, 2022 13:39:28.87 [11628:9988:0630/133928.086:ERROR:util.cc(127)] Can't create base directory: C:\Program Files\Google\GoogleUpdater
6월 30, 2022 14:21:20.03 [10392:8852:0630/142120.003:ERROR:device_event_log_impl.cc(214)] [14:21:20.003] Bluetooth: bluetooth_adapter_winrt.cc:1074 Getting Default Adapter failed.
6월 30, 2022 14:22:17.779 [10392:2812:0630/142217.778:ERROR:util.cc(127)] Can't create base directory: C:\Program Files\Google\GoogleUpdater

6월 30, 2022 14:24:36.593 NEW SESSION
6월 30, 2022 14:24:36.593 [10768:13600:0630/142436.592:ERROR:device_event_log_impl.cc(214)] [14:24:36.593] Bluetooth: bluetooth_adapter_winrt.cc:1074 Getting Default Adapter failed.
6월 30, 2022 14:25:34.576 [10768:13204:0630/142534.575:ERROR:util.cc(127)] Can't create base directory: C:\Program Files\Google\GoogleUpdater
6월 30, 2022 14:42:58.685 [1044:9164:0630/144258.685:ERROR:device_event_log_impl.cc(214)] [14:42:58.685] Bluetooth: bluetooth_adapter_winrt.cc:1074 Getting Default Adapter failed.
6월 30, 2022 14:43:56.686 [1044:10564:0630/144356.685:ERROR:util.cc(127)] Can't create base directory: C:\Program Files\Google\GoogleUpdater
6월 30, 2022 14:44:28.08 [12356:10452:0630/144428.008:ERROR:device_event_log_impl.cc(214)] [14:44:28.008] Bluetooth: bluetooth_adapter_winrt.cc:1074 Getting Default Adapter failed.
6월 30, 2022 14:45:26.11 [12356:2352:0630/144526.010:ERROR:util.cc(127)] Can't create base directory: C:\Program Files\Google\GoogleUpdater
6월 30, 2022 18:22:08.417 [12160:12720:0630/182208.417:ERROR:device_event_log_impl.cc(214)] [18:22:08.416] Bluetooth: bluetooth_adapter_winrt.cc:1074 Getting Default Adapter failed.
6월 30, 2022 18:23:10.786 [9324:10636:0630/182310.785:ERROR:device_event_log_impl.cc(214)] [18:23:10.785] Bluetooth: bluetooth_adapter_winrt.cc:1074 Getting Default Adapter failed.
6월 30, 2022 19:14:08.773 [10412:3048:0630/191408.772:ERROR:device_event_log_impl.cc(214)] [19:14:08.772] Bluetooth: bluetooth_adapter_winrt.cc:1074 Getting Default Adapter failed.
6월 30, 2022 19:15:05.902 [10412:10476:0630/191505.902:ERROR:util.cc(127)] Can't create base directory: C:\Program Files\Google\GoogleUpdater
6월 30, 2022 19:17:48.176 [13396:8620:0630/191748.175:ERROR:device_event_log_impl.cc(214)] [19:17:48.176] Bluetooth: bluetooth_adapter_winrt.cc:1074 Getting Default Adapter failed.
6월 30, 2022 19:19:05.650 [6624:2520:0630/191905.650:ERROR:device_event_log_impl.cc(214)] [19:19:05.650] Bluetooth: bluetooth_adapter_winrt.cc:1074 Getting Default Adapter failed.

6월 30, 2022 20:26:07.522 NEW SESSION
6월 30, 2022 20:26:07.522 [3236:7204:0630/202607.522:ERROR:device_event_log_impl.cc(214)] [20:26:07.521] Bluetooth: bluetooth_adapter_winrt.cc:1074 Getting Default Adapter failed.
6월 30, 2022 20:27:04.397 [3236:12332:0630/202704.397:ERROR:util.cc(127)] Can't create base directory: C:\Program Files\Google\GoogleUpdater

6월 30, 2022 20:38:52.919 NEW SESSION
6월 30, 2022 20:38:52.919 [10236:4648:0630/203852.918:ERROR:device_event_log_impl.cc(214)] [20:38:52.918] Bluetooth: bluetooth_adapter_winrt.cc:1074 Getting Default Adapter failed.
6월 30, 2022 20:43:30.706 [5416:13724:0630/204330.706:ERROR:device_event_log_impl.cc(214)] [20:43:30.705] Bluetooth: bluetooth_adapter_winrt.cc:1074 Getting Default Adapter failed.
6월 30, 2022 20:50:30.348 [11964:8672:0630/205030.348:ERROR:device_event_log_impl.cc(214)] [20:50:30.348] Bluetooth: bluetooth_adapter_winrt.cc:1074 Getting Default Adapter failed.

7월 01, 2022 13:56:04.522 NEW SESSION
7월 01, 2022 13:56:04.522 [5868:7092:0701/135604.521:ERROR:device_event_log_impl.cc(214)] [13:56:04.521] Bluetooth: bluetooth_adapter_winrt.cc:1074 Getting Default Adapter failed.
7월 01, 2022 13:57:39.811 [11804:4552:0701/135739.811:ERROR:device_event_log_impl.cc(214)] [13:57:39.811] Bluetooth: bluetooth_adapter_winrt.cc:1074 Getting Default Adapter failed.
7월 01, 2022 14:06:36.444 [3540:2824:0701/140636.444:ERROR:device_event_log_impl.cc(214)] [14:06:36.444] Bluetooth: bluetooth_adapter_winrt.cc:1074 Getting Default Adapter failed.
7월 01, 2022 14:11:17.136 [10892:4800:0701/141117.136:ERROR:device_event_log_impl.cc(214)] [14:11:17.136] Bluetooth: bluetooth_adapter_winrt.cc:1074 Getting Default Adapter failed.
7월 01, 2022 14:22:48.87 [13008:3444:0701/142248.086:ERROR:device_event_log_impl.cc(214)] [14:22:48.087] Bluetooth: bluetooth_adapter_winrt.cc:1074 Getting Default Adapter failed.
7월 01, 2022 14:24:14.526 [11576:7780:0701/142414.526:ERROR:device_event_log_impl.cc(214)] [14:24:14.526] Bluetooth: bluetooth_adapter_winrt.cc:1074 Getting Default Adapter failed.
7월 01, 2022 14:25:10.818 [11576:11688:0701/142510.817:ERROR:util.cc(127)] Can't create base directory: C:\Program Files\Google\GoogleUpdater
7월 01, 2022 14:33:44.715 [10080:9932:0701/143344.714:ERROR:device_event_log_impl.cc(214)] [14:33:44.714] Bluetooth: bluetooth_adapter_winrt.cc:1074 Getting Default Adapter failed.
7월 01, 2022 14:34:42.612 [10080:2756:0701/143442.611:ERROR:util.cc(127)] Can't create base directory: C:\Program Files\Google\GoogleUpdater
7월 01, 2022 14:55:15.903 [7132:5260:0701/145515.903:ERROR:device_event_log_impl.cc(214)] [14:55:15.903] Bluetooth: bluetooth_adapter_winrt.cc:1074 Getting Default Adapter failed.
7월 01, 2022 14:56:13.808 [7132:13552:0701/145613.807:ERROR:util.cc(127)] Can't create base directory: C:\Program Files\Google\GoogleUpdater
7월 01, 2022 15:04:17.585 [11372:10464:0701/150417.585:ERROR:device_event_log_impl.cc(214)] [15:04:17.584] Bluetooth: bluetooth_adapter_winrt.cc:1074 Getting Default Adapter failed.
7월 01, 2022 15:04:37.922 [4100:7696:0701/150437.922:ERROR:device_event_log_impl.cc(214)] [15:04:37.922] Bluetooth: bluetooth_adapter_winrt.cc:1074 Getting Default Adapter failed.
7월 01, 2022 15:05:35.810 [4100:11432:0701/150535.810:ERROR:util.cc(127)] Can't create base directory: C:\Program Files\Google\GoogleUpdater
7월 01, 2022 15:06:41.117 [5104:11448:0701/150641.117:ERROR:device_event_log_impl.cc(214)] [15:06:41.117] Bluetooth: bluetooth_adapter_winrt.cc:1074 Getting Default Adapter failed.
7월 01, 2022 15:07:39.101 [5104:8224:0701/150739.100:ERROR:util.cc(127)] Can't create base directory: C:\Program Files\Google\GoogleUpdater
7월 01, 2022 15:43:18.575 [12788:8640:0701/154318.575:ERROR:device_event_log_impl.cc(214)] [15:43:18.575] Bluetooth: bluetooth_adapter_winrt.cc:1074 Getting Default Adapter failed.
7월 01, 2022 15:43:27.620 [4660:12132:0701/154327.620:ERROR:device_event_log_impl.cc(214)] [15:43:27.620] Bluetooth: bluetooth_adapter_winrt.cc:1074 Getting Default Adapter failed.
7월 01, 2022 15:44:25.612 [4660:5228:0701/154425.612:ERROR:util.cc(127)] Can't create base directory: C:\Program Files\Google\GoogleUpdater
7월 01, 2022 15:44:39.847 [1584:9868:0701/154439.847:ERROR:device_event_log_impl.cc(214)] [15:44:39.847] Bluetooth: bluetooth_adapter_winrt.cc:1074 Getting Default Adapter failed.
7월 01, 2022 15:46:45.464 [4108:9172:0701/154645.464:ERROR:device_event_log_impl.cc(214)] [15:46:45.464] Bluetooth: bluetooth_adapter_winrt.cc:1074 Getting Default Adapter failed.
7월 01, 2022 15:46:45.479 [4108:956:0701/154645.479:ERROR:util.cc(127)] Can't create base directory: C:\Program Files\Google\GoogleUpdater
7월 01, 2022 15:47:23.220 [10680:9976:0701/154723.219:ERROR:device_event_log_impl.cc(214)] [15:47:23.219] Bluetooth: bluetooth_adapter_winrt.cc:1074 Getting Default Adapter failed.
7월 01, 2022 15:48:14.735 [14264:5228:0701/154814.735:ERROR:device_event_log_impl.cc(214)] [15:48:14.735] Bluetooth: bluetooth_adapter_winrt.cc:1074 Getting Default Adapter failed.
7월 01, 2022 15:49:11.736 [14264:2500:0701/154911.735:ERROR:util.cc(127)] Can't create base directory: C:\Program Files\Google\GoogleUpdater
7월 01, 2022 15:52:31.376 [5196:13368:0701/155231.376:ERROR:device_event_log_impl.cc(214)] [15:52:31.375] Bluetooth: bluetooth_adapter_winrt.cc:1074 Getting Default Adapter failed.
7월 01, 2022 15:53:28.158 [5196:12904:0701/155328.157:ERROR:util.cc(127)] Can't create base directory: C:\Program Files\Google\GoogleUpdater
7월 01, 2022 16:26:00.134 [5868:5224:0701/162600.134:ERROR:device_event_log_impl.cc(214)] [16:26:00.134] Bluetooth: bluetooth_adapter_winrt.cc:1074 Getting Default Adapter failed.
7월 01, 2022 16:26:56.590 [5868:8116:0701/162656.589:ERROR:util.cc(127)] Can't create base directory: C:\Program Files\Google\GoogleUpdater
7월 01, 2022 16:43:03.753 [792:3024:0701/164303.753:ERROR:device_event_log_impl.cc(214)] [16:43:03.753] Bluetooth: bluetooth_adapter_winrt.cc:1074 Getting Default Adapter failed.
7월 01, 2022 16:44:00.638 [792:13552:0701/164400.637:ERROR:util.cc(127)] Can't create base directory: C:\Program Files\Google\GoogleUpdater
7월 01, 2022 17:28:50.284 [7868:8308:0701/172850.284:ERROR:device_event_log_impl.cc(214)] [17:28:50.284] Bluetooth: bluetooth_adapter_winrt.cc:1074 Getting Default Adapter failed.
7월 01, 2022 17:29:45.798 [7868:6732:0701/172945.797:ERROR:util.cc(127)] Can't create base directory: C:\Program Files\Google\GoogleUpdater

7월 04, 2022 13:23:10.119 NEW SESSION
7월 04, 2022 13:23:10.119 [11360:12732:0704/132310.118:ERROR:device_event_log_impl.cc(214)] [13:23:10.119] Bluetooth: bluetooth_adapter_winrt.cc:1074 Getting Default Adapter failed.
7월 04, 2022 13:24:06.760 [11360:13132:0704/132406.759:ERROR:util.cc(127)] Can't create base directory: C:\Program Files\Google\GoogleUpdater

7월 04, 2022 16:29:30.191 NEW SESSION
7월 04, 2022 16:29:30.191 [6504:8732:0704/162930.190:ERROR:device_event_log_impl.cc(214)] [16:29:30.190] Bluetooth: bluetooth_adapter_winrt.cc:1074 Getting Default Adapter failed.
7월 04, 2022 16:30:27.48 [6504:1380:0704/163027.047:ERROR:util.cc(127)] Can't create base directory: C:\Program Files\Google\GoogleUpdater
7월 04, 2022 19:01:25.402 [3812:5876:0704/190125.402:ERROR:device_event_log_impl.cc(214)] [19:01:25.402] Bluetooth: bluetooth_adapter_winrt.cc:1074 Getting Default Adapter failed.
7월 04, 2022 19:01:47.170 [1260:7820:0704/190147.170:ERROR:device_event_log_impl.cc(214)] [19:01:47.170] Bluetooth: bluetooth_adapter_winrt.cc:1074 Getting Default Adapter failed.
7월 04, 2022 19:02:43.951 [1260:7088:0704/190243.950:ERROR:util.cc(127)] Can't create base directory: C:\Program Files\Google\GoogleUpdater

7월 11, 2022 11:56:32.360 NEW SESSION
7월 11, 2022 11:56:32.360 [13132:6316:0711/115632.359:ERROR:device_event_log_impl.cc(214)] [11:56:32.359] Bluetooth: bluetooth_adapter_winrt.cc:1074 Getting Default Adapter failed.
7월 11, 2022 11:57:28.499 [13132:11408:0711/115728.498:ERROR:util.cc(127)] Can't create base directory: C:\Program Files\Google\GoogleUpdater

7월 11, 2022 13:55:21.356 NEW SESSION
7월 11, 2022 13:55:21.356 [5840:5876:0711/135521.355:ERROR:device_event_log_impl.cc(214)] [13:55:21.355] Bluetooth: bluetooth_adapter_winrt.cc:1074 Getting Default Adapter failed.
7월 11, 2022 13:55:49.410 [2440:6444:0711/135549.410:ERROR:device_event_log_impl.cc(214)] [13:55:49.411] Bluetooth: bluetooth_adapter_winrt.cc:1074 Getting Default Adapter failed.
7월 11, 2022 13:58:50.646 [8272:13516:0711/135850.645:ERROR:device_event_log_impl.cc(214)] [13:58:50.646] Bluetooth: bluetooth_adapter_winrt.cc:1074 Getting Default Adapter failed.
7월 11, 2022 14:11:11.640 [12380:5596:0711/141111.639:ERROR:device_event_log_impl.cc(214)] [14:11:11.639] Bluetooth: bluetooth_adapter_winrt.cc:1074 Getting Default Adapter failed.
7월 11, 2022 18:06:43.682 [15336:5320:0711/180643.682:ERROR:device_event_log_impl.cc(214)] [18:06:43.682] Bluetooth: bluetooth_adapter_winrt.cc:1074 Getting Default Adapter failed.

7월 12, 2022 13:43:47.66 NEW SESSION
7월 12, 2022 13:43:47.66 [10024:3152:0712/134347.065:ERROR:device_event_log_impl.cc(214)] [13:43:47.065] Bluetooth: bluetooth_adapter_winrt.cc:1074 Getting Default Adapter failed.
7월 12, 2022 13:44:44.960 [10024:14288:0712/134444.960:ERROR:util.cc(127)] Can't create base directory: C:\Program Files\Google\GoogleUpdater
7월 12, 2022 13:47:20.151 [5152:6492:0712/134720.151:ERROR:device_event_log_impl.cc(214)] [13:47:20.151] Bluetooth: bluetooth_adapter_winrt.cc:1074 Getting Default Adapter failed.
7월 12, 2022 13:48:18.153 [5152:14808:0712/134818.153:ERROR:util.cc(127)] Can't create base directory: C:\Program Files\Google\GoogleUpdater
7월 12, 2022 13:56:40.637 [5976:4556:0712/135640.637:ERROR:device_event_log_impl.cc(214)] [13:56:40.637] Bluetooth: bluetooth_adapter_winrt.cc:1074 Getting Default Adapter failed.
7월 12, 2022 13:57:38.591 [5976:7360:0712/135738.590:ERROR:util.cc(127)] Can't create base directory: C:\Program Files\Google\GoogleUpdater

7월 12, 2022 15:22:30.561 NEW SESSION
7월 12, 2022 15:22:30.561 [8004:6628:0712/152230.560:ERROR:device_event_log_impl.cc(214)] [15:22:30.560] Bluetooth: bluetooth_adapter_winrt.cc:1074 Getting Default Adapter failed.
7월 12, 2022 15:23:57.640 [11320:14492:0712/152357.640:ERROR:device_event_log_impl.cc(214)] [15:23:57.640] Bluetooth: bluetooth_adapter_winrt.cc:1074 Getting Default Adapter failed.
7월 12, 2022 15:24:54.819 [11320:8640:0712/152454.819:ERROR:util.cc(127)] Can't create base directory: C:\Program Files\Google\GoogleUpdater
7월 12, 2022 15:28:55.363 [7140:12384:0712/152855.363:ERROR:device_event_log_impl.cc(214)] [15:28:55.362] Bluetooth: bluetooth_adapter_winrt.cc:1074 Getting Default Adapter failed.
7월 12, 2022 15:30:03.468 [2592:6436:0712/153003.468:ERROR:device_event_log_impl.cc(214)] [15:30:03.467] Bluetooth: bluetooth_adapter_winrt.cc:1074 Getting Default Adapter failed.
7월 12, 2022 15:31:01.439 [2592:4752:0712/153101.439:ERROR:util.cc(127)] Can't create base directory: C:\Program Files\Google\GoogleUpdater
7월 12, 2022 15:33:11.895 [14876:14260:0712/153311.895:ERROR:device_event_log_impl.cc(214)] [15:33:11.895] Bluetooth: bluetooth_adapter_winrt.cc:1074 Getting Default Adapter failed.
7월 12, 2022 15:34:04.183 [1344:14164:0712/153404.182:ERROR:device_event_log_impl.cc(214)] [15:34:04.182] Bluetooth: bluetooth_adapter_winrt.cc:1074 Getting Default Adapter failed.
7월 12, 2022 15:35:02.160 [1344:9048:0712/153502.159:ERROR:util.cc(127)] Can't create base directory: C:\Program Files\Google\GoogleUpdater
7월 12, 2022 15:42:25.466 [10932:14996:0712/154225.466:ERROR:device_event_log_impl.cc(214)] [15:42:25.466] Bluetooth: bluetooth_adapter_winrt.cc:1074 Getting Default Adapter failed.
7월 12, 2022 15:43:23.376 [10932:10996:0712/154323.376:ERROR:util.cc(127)] Can't create base directory: C:\Program Files\Google\GoogleUpdater
7월 12, 2022 16:03:28.517 [7780:3984:0712/160328.516:ERROR:device_event_log_impl.cc(214)] [16:03:28.517] Bluetooth: bluetooth_adapter_winrt.cc:1074 Getting Default Adapter failed.
7월 12, 2022 17:09:30.192 [10876:12992:0712/170930.191:ERROR:device_event_log_impl.cc(214)] [17:09:30.192] Bluetooth: bluetooth_adapter_winrt.cc:1074 Getting Default Adapter failed.
7월 12, 2022 18:37:36.299 [11964:13272:0712/183736.299:ERROR:device_event_log_impl.cc(214)] [18:37:36.299] Bluetooth: bluetooth_adapter_winrt.cc:1074 Getting Default Adapter failed.
7월 12, 2022 19:03:53.809 [7380:9520:0712/190353.808:ERROR:device_event_log_impl.cc(214)] [19:03:53.808] Bluetooth: bluetooth_adapter_winrt.cc:1074 Getting Default Adapter failed.
7월 12, 2022 19:08:50.549 [14504:10932:0712/190850.549:ERROR:device_event_log_impl.cc(214)] [19:08:50.548] Bluetooth: bluetooth_adapter_winrt.cc:1074 Getting Default Adapter failed.
7월 12, 2022 19:09:48.534 [14504:4256:0712/190948.534:ERROR:util.cc(127)] Can't create base directory: C:\Program Files\Google\GoogleUpdater
7월 12, 2022 20:30:48.817 [15196:12952:0712/203048.817:ERROR:device_event_log_impl.cc(214)] [20:30:48.817] Bluetooth: bluetooth_adapter_winrt.cc:1074 Getting Default Adapter failed.
7월 12, 2022 20:31:12.25 [12280:12264:0712/203112.025:ERROR:device_event_log_impl.cc(214)] [20:31:12.025] Bluetooth: bluetooth_adapter_winrt.cc:1074 Getting Default Adapter failed.
7월 12, 2022 20:31:40.891 [14248:2420:0712/203140.891:ERROR:device_event_log_impl.cc(214)] [20:31:40.891] Bluetooth: bluetooth_adapter_winrt.cc:1074 Getting Default Adapter failed.
7월 12, 2022 20:32:28.773 [12108:6748:0712/203228.773:ERROR:device_event_log_impl.cc(214)] [20:32:28.773] Bluetooth: bluetooth_adapter_winrt.cc:1074 Getting Default Adapter failed.
7월 12, 2022 20:33:42.822 [6120:1220:0712/203342.822:ERROR:device_event_log_impl.cc(214)] [20:33:42.822] Bluetooth: bluetooth_adapter_winrt.cc:1074 Getting Default Adapter failed.
7월 12, 2022 20:34:40.818 [6120:14148:0712/203440.817:ERROR:util.cc(127)] Can't create base directory: C:\Program Files\Google\GoogleUpdater
7월 13, 2022 13:50:03.94 [14000:11884:0713/135003.094:ERROR:device_event_log_impl.cc(214)] [13:50:03.094] Bluetooth: bluetooth_adapter_winrt.cc:1074 Getting Default Adapter failed.
7월 13, 2022 13:51:01.87 [14000:12532:0713/135101.086:ERROR:util.cc(127)] Can't create base directory: C:\Program Files\Google\GoogleUpdater
7월 13, 2022 14:16:29.643 [10160:9360:0713/141629.643:ERROR:device_event_log_impl.cc(214)] [14:16:29.643] Bluetooth: bluetooth_adapter_winrt.cc:1074 Getting Default Adapter failed.
7월 13, 2022 14:17:04.554 [4856:2368:0713/141704.554:ERROR:device_event_log_impl.cc(214)] [14:17:04.554] Bluetooth: bluetooth_adapter_winrt.cc:1074 Getting Default Adapter failed.
7월 13, 2022 14:18:02.544 [4856:13004:0713/141802.544:ERROR:util.cc(127)] Can't create base directory: C:\Program Files\Google\GoogleUpdater
7월 13, 2022 14:48:30.88 [15960:12816:0713/144830.088:ERROR:device_event_log_impl.cc(214)] [14:48:30.087] Bluetooth: bluetooth_adapter_winrt.cc:1074 Getting Default Adapter failed.
7월 13, 2022 14:49:27.925 [15960:12160:0713/144927.925:ERROR:util.cc(127)] Can't create base directory: C:\Program Files\Google\GoogleUpdater
7월 13, 2022 14:52:49.457 [8264:14064:0713/145249.457:ERROR:device_event_log_impl.cc(214)] [14:52:49.457] Bluetooth: bluetooth_adapter_winrt.cc:1074 Getting Default Adapter failed.
7월 13, 2022 14:53:47.466 [8264:6048:0713/145347.466:ERROR:util.cc(127)] Can't create base directory: C:\Program Files\Google\GoogleUpdater
7월 13, 2022 14:54:29.664 [4224:7780:0713/145429.664:ERROR:device_event_log_impl.cc(214)] [14:54:29.663] Bluetooth: bluetooth_adapter_winrt.cc:1074 Getting Default Adapter failed.
7월 13, 2022 14:55:27.578 [4224:11624:0713/145527.577:ERROR:util.cc(127)] Can't create base directory: C:\Program Files\Google\GoogleUpdater
7월 13, 2022 14:59:41.435 [14696:13008:0713/145941.435:ERROR:device_event_log_impl.cc(214)] [14:59:41.434] Bluetooth: bluetooth_adapter_winrt.cc:1074 Getting Default Adapter failed.
7월 13, 2022 15:00:39.331 [14696:13480:0713/150039.331:ERROR:util.cc(127)] Can't create base directory: C:\Program Files\Google\GoogleUpdater
7월 13, 2022 15:01:43.129 [10120:5164:0713/150143.129:ERROR:device_event_log_impl.cc(214)] [15:01:43.129] Bluetooth: bluetooth_adapter_winrt.cc:1074 Getting Default Adapter failed.
7월 13, 2022 15:02:41.126 [10120:1468:0713/150241.125:ERROR:util.cc(127)] Can't create base directory: C:\Program Files\Google\GoogleUpdater
7월 13, 2022 15:04:27.968 [8644:16108:0713/150427.967:ERROR:device_event_log_impl.cc(214)] [15:04:27.967] Bluetooth: bluetooth_adapter_winrt.cc:1074 Getting Default Adapter failed.
7월 13, 2022 15:05:33.512 [9580:7692:0713/150533.512:ERROR:device_event_log_impl.cc(214)] [15:05:33.511] Bluetooth: bluetooth_adapter_winrt.cc:1074 Getting Default Adapter failed.
7월 13, 2022 15:06:31.484 [9580:10160:0713/150631.483:ERROR:util.cc(127)] Can't create base directory: C:\Program Files\Google\GoogleUpdater
7월 13, 2022 15:08:41.412 [16080:5872:0713/150841.412:ERROR:device_event_log_impl.cc(214)] [15:08:41.412] Bluetooth: bluetooth_adapter_winrt.cc:1074 Getting Default Adapter failed.
7월 13, 2022 15:09:37.771 [8296:14356:0713/150937.771:ERROR:device_event_log_impl.cc(214)] [15:09:37.770] Bluetooth: bluetooth_adapter_winrt.cc:1074 Getting Default Adapter failed.
7월 13, 2022 15:10:35.787 [8296:10544:0713/151035.786:ERROR:util.cc(127)] Can't create base directory: C:\Program Files\Google\GoogleUpdater
7월 13, 2022 15:18:42.989 [15720:8076:0713/151842.989:ERROR:device_event_log_impl.cc(214)] [15:18:42.990] Bluetooth: bluetooth_adapter_winrt.cc:1074 Getting Default Adapter failed.
7월 13, 2022 15:19:40.976 [15720:1724:0713/151940.975:ERROR:util.cc(127)] Can't create base directory: C:\Program Files\Google\GoogleUpdater
7월 13, 2022 15:21:38.129 [10140:6528:0713/152138.129:ERROR:device_event_log_impl.cc(214)] [15:21:38.128] Bluetooth: bluetooth_adapter_winrt.cc:1074 Getting Default Adapter failed.
7월 13, 2022 15:22:02.196 [10024:5288:0713/152202.196:ERROR:device_event_log_impl.cc(214)] [15:22:02.195] Bluetooth: bluetooth_adapter_winrt.cc:1074 Getting Default Adapter failed.
7월 13, 2022 15:22:29.375 [16208:3060:0713/152229.375:ERROR:device_event_log_impl.cc(214)] [15:22:29.375] Bluetooth: bluetooth_adapter_winrt.cc:1074 Getting Default Adapter failed.
7월 13, 2022 15:23:29.628 [11676:16328:0713/152329.628:ERROR:device_event_log_impl.cc(214)] [15:23:29.627] Bluetooth: bluetooth_adapter_winrt.cc:1074 Getting Default Adapter failed.
7월 13, 2022 15:24:00.859 [2516:15972:0713/152400.859:ERROR:device_event_log_impl.cc(214)] [15:24:00.859] Bluetooth: bluetooth_adapter_winrt.cc:1074 Getting Default Adapter failed.
7월 13, 2022 15:25:31.520 [16000:1876:0713/152531.519:ERROR:device_event_log_impl.cc(214)] [15:25:31.520] Bluetooth: bluetooth_adapter_winrt.cc:1074 Getting Default Adapter failed.
7월 13, 2022 15:25:56.301 [12972:2548:0713/152556.301:ERROR:device_event_log_impl.cc(214)] [15:25:56.301] Bluetooth: bluetooth_adapter_winrt.cc:1074 Getting Default Adapter failed.
7월 13, 2022 15:27:40.203 [12016:8164:0713/152740.203:ERROR:device_event_log_impl.cc(214)] [15:27:40.203] Bluetooth: bluetooth_adapter_winrt.cc:1074 Getting Default Adapter failed.
7월 13, 2022 15:42:57.371 [2452:13272:0713/154257.371:ERROR:device_event_log_impl.cc(214)] [15:42:57.371] Bluetooth: bluetooth_adapter_winrt.cc:1074 Getting Default Adapter failed.
7월 13, 2022 15:56:17.347 [11216:16016:0713/155617.347:ERROR:device_event_log_impl.cc(214)] [15:56:17.346] Bluetooth: bluetooth_adapter_winrt.cc:1074 Getting Default Adapter failed.
7월 13, 2022 15:57:15.315 [11216:8336:0713/155715.314:ERROR:util.cc(127)] Can't create base directory: C:\Program Files\Google\GoogleUpdater
7월 13, 2022 16:16:18.466 [5100:11092:0713/161618.465:ERROR:device_event_log_impl.cc(214)] [16:16:18.465] Bluetooth: bluetooth_adapter_winrt.cc:1074 Getting Default Adapter failed.
7월 13, 2022 16:16:59.658 [10808:12396:0713/161659.658:ERROR:device_event_log_impl.cc(214)] [16:16:59.658] Bluetooth: bluetooth_adapter_winrt.cc:1074 Getting Default Adapter failed.
7월 13, 2022 16:17:57.561 [10808:14860:0713/161757.560:ERROR:util.cc(127)] Can't create base directory: C:\Program Files\Google\GoogleUpdater
7월 13, 2022 17:40:59.507 [1768:16084:0713/174059.507:ERROR:device_event_log_impl.cc(214)] [17:40:59.507] Bluetooth: bluetooth_adapter_winrt.cc:1074 Getting Default Adapter failed.
7월 13, 2022 17:41:21.271 [12316:2120:0713/174121.271:ERROR:device_event_log_impl.cc(214)] [17:41:21.271] Bluetooth: bluetooth_adapter_winrt.cc:1074 Getting Default Adapter failed.
7월 13, 2022 17:42:14.563 [9756:15340:0713/174214.563:ERROR:device_event_log_impl.cc(214)] [17:42:14.563] Bluetooth: bluetooth_adapter_winrt.cc:1074 Getting Default Adapter failed.
7월 13, 2022 17:43:12.459 [9756:12160:0713/174312.458:ERROR:util.cc(127)] Can't create base directory: C:\Program Files\Google\GoogleUpdater
